2023-03-10 21:59:42; 0.0; LGSTRT; Reset log (scenario, username); Demo; Ayo 15 
2023-03-10 21:59:50; 6.000000000000003; DELTRG; Deleted target (id, lat, lng); Target-Unknown-12; 50.93263936324419; -1.4068650667178773
2023-03-10 21:59:50; 6.000000000000003; CLIMG; Classifying target from deep/shallow scan as this, it is actually (id, isDeep, classifiedStatus, ActualStatus); Target-Unknown-12; false; true; false;
2023-03-10 21:59:50; 6.000000000000003; DELTSK; Removed task (id, lat, lng); Task-12; 50.93263936324419; -1.4068650667178773
2023-03-10 21:59:50; 6.000000000000003; TSKCMP; Task completed (id); Task-12
2023-03-10 21:59:53; 9.799999999999997; DELTRG; Deleted target (id, lat, lng); Target-Unknown-3; 50.93443792170355; -1.4063186432343766
2023-03-10 21:59:53; 9.799999999999997; CLIMG; Classifying target from deep/shallow scan as this, it is actually (id, isDeep, classifiedStatus, ActualStatus); Target-Unknown-3; false; false; false;
2023-03-10 21:59:53; 9.799999999999997; DELTSK; Removed task (id, lat, lng); Task-3; 50.93443792170355; -1.4063186432343766
2023-03-10 21:59:53; 9.799999999999997; TSKCMP; Task completed (id); Task-3
2023-03-10 22:00:00; 16.399999999999974; DELTRG; Deleted target (id, lat, lng); Target-Unknown-4; 50.93528985177357; -1.4016837860566422
2023-03-10 22:00:00; 16.399999999999974; CLIMG; Classifying target from deep/shallow scan as this, it is actually (id, isDeep, classifiedStatus, ActualStatus); Target-Unknown-4; false; true; true;
2023-03-10 22:00:00; 16.399999999999974; DELTSK; Removed task (id, lat, lng); Task-4; 50.93528985177357; -1.4016837860566422
2023-03-10 22:00:00; 16.399999999999974; TSKCMP; Task completed (id); Task-4
2023-03-10 22:00:08; 24.399999999999945; AGCLA; Agent default classifying target from deep/shallow scan as this, it is actually (id, isDeep, classifiedStatus, ActualStatus); Task-1; N/A; true; true;
2023-03-10 22:00:08; 24.399999999999945; DELTSK; Removed task (id, lat, lng); Task-1; 50.929082575328884; -1.4122195030671403
2023-03-10 22:00:08; 24.399999999999945; TSKCMP; Task completed (id); Task-1
2023-03-10 22:00:08; 24.799999999999944; DELTRG; Deleted target (id, lat, lng); Target-Unknown-8; 50.924795149121294; -1.4071125771027848
2023-03-10 22:00:08; 24.799999999999944; CLIMG; Classifying target from deep/shallow scan as this, it is actually (id, isDeep, classifiedStatus, ActualStatus); Target-Unknown-8; false; true; true;
2023-03-10 22:00:08; 24.799999999999944; DELTSK; Removed task (id, lat, lng); Task-8; 50.924795149121294; -1.4071125771027848
2023-03-10 22:00:08; 24.799999999999944; TSKCMP; Task completed (id); Task-8
2023-03-10 22:00:10; 26.599999999999937; AGCLA; Agent default classifying target from deep/shallow scan as this, it is actually (id, isDeep, classifiedStatus, ActualStatus); Task-11; N/A; true; true;
2023-03-10 22:00:10; 26.599999999999937; DELTSK; Removed task (id, lat, lng); Task-11; 50.9298992149016; -1.4095890823823258
2023-03-10 22:00:10; 26.599999999999937; TSKCMP; Task completed (id); Task-11
2023-03-10 22:00:15; 31.79999999999992; DELTRG; Deleted target (id, lat, lng); Target-Unknown-2; 50.932706968098096; -1.4157600189667985
2023-03-10 22:00:15; 31.79999999999992; CLIMG; Classifying target from deep/shallow scan as this, it is actually (id, isDeep, classifiedStatus, ActualStatus); Target-Unknown-2; false; true; true;
2023-03-10 22:00:15; 31.79999999999992; DELTSK; Removed task (id, lat, lng); Task-2; 50.932706968098096; -1.4157600189667985
2023-03-10 22:00:15; 31.79999999999992; TSKCMP; Task completed (id); Task-2
2023-03-10 22:00:22; 38.2; DELTRG; Deleted target (id, lat, lng); Target-Unknown-6; 50.9337617756191; -1.4113397385102555
2023-03-10 22:00:22; 38.2; CLIMG; Classifying target from deep/shallow scan as this, it is actually (id, isDeep, classifiedStatus, ActualStatus); Target-Unknown-6; false; true; true;
2023-03-10 22:00:22; 38.2; DELTSK; Removed task (id, lat, lng); Task-6; 50.9337617756191; -1.4113397385102555
2023-03-10 22:00:22; 38.2; TSKCMP; Task completed (id); Task-6
2023-03-10 22:00:27; 43.40000000000008; AGCLA; Agent default classifying target from deep/shallow scan as this, it is actually (id, isDeep, classifiedStatus, ActualStatus); Task-5; N/A; true; true;
2023-03-10 22:00:27; 43.40000000000008; DELTSK; Removed task (id, lat, lng); Task-5; 50.93166566028517; -1.4099449898225114
2023-03-10 22:00:27; 43.40000000000008; TSKCMP; Task completed (id); Task-5
2023-03-10 22:00:33; 49.20000000000016; DELTRG; Deleted target (id, lat, lng); Target-Unknown-9; 50.92404534912641; -1.4129705215913102
2023-03-10 22:00:33; 49.20000000000016; CLIMG; Classifying target from deep/shallow scan as this, it is actually (id, isDeep, classifiedStatus, ActualStatus); Target-Unknown-9; false; true; false;
2023-03-10 22:00:33; 49.20000000000016; DELTSK; Removed task (id, lat, lng); Task-9; 50.92404534912641; -1.4129705215913102
2023-03-10 22:00:33; 49.20000000000016; TSKCMP; Task completed (id); Task-9
2023-03-10 22:00:39; 55.40000000000025; DELTRG; Deleted target (id, lat, lng); Target-Unknown-10; 50.92194879590028; -1.4124126221162125
2023-03-10 22:00:39; 55.40000000000025; CLIMG; Classifying target from deep/shallow scan as this, it is actually (id, isDeep, classifiedStatus, ActualStatus); Target-Unknown-10; false; true; false;
2023-03-10 22:00:39; 55.40000000000025; DELTSK; Removed task (id, lat, lng); Task-10; 50.92194879590028; -1.4124126221162125
2023-03-10 22:00:39; 55.40000000000025; TSKCMP; Task completed (id); Task-10
2023-03-10 22:00:44; 60.40000000000032; AGCLA; Agent default classifying target from deep/shallow scan as this, it is actually (id, isDeep, classifiedStatus, ActualStatus); Task-7; N/A; false; false;
2023-03-10 22:00:44; 60.40000000000032; DELTSK; Removed task (id, lat, lng); Task-7; 50.92613416693238; -1.4120907570344254
2023-03-10 22:00:44; 60.40000000000032; TSKCMP; Task completed (id); Task-7
2023-03-10 22:00:44; 60.60000000000032; DEMOSCORE; Recording (name, found/available, tgt/min, accuracy, pts); Ayo 15; 9/12; 0.15; 0.75; 11 
2023-03-10 22:00:44; 0.0; SVRST; Server reset 
