<?xml version="1.0" encoding="US-ASCII" standalone="no"?>
<!DOCTYPE log SYSTEM "logger.dtd">
<log>
<record>
  <date>2023-05-23T17:56:05.774085316Z</date>
  <millis>1684864565774</millis>
  <nanos>85316</nanos>
  <sequence>47</sequence>
  <logger>server.Simulator</logger>
  <level>INFO</level>
  <class>server.Simulator</class>
  <method>resetLogging</method>
  <thread>30</thread>
  <message>52.2000000000002; LGSTRT; Reset log (scenario, username); C1JustOn; 639c81275bd768dce603c9c5 </message>
</record>
<record>
  <date>2023-05-23T17:56:11.070534321Z</date>
  <millis>1684864571070</millis>
  <nanos>534321</nanos>
  <sequence>48</sequence>
  <logger>server.controller.TaskController</logger>
  <level>INFO</level>
  <class>server.controller.TaskController</class>
  <method>deleteTask</method>
  <thread>26</thread>
  <message>78.80000000000058; DELTSK; Removed task (id, lat, lng); Task-1; 50.930406436854064; -1.4087765176194567</message>
</record>
<record>
  <date>2023-05-23T17:56:14.039750669Z</date>
  <millis>1684864574039</millis>
  <nanos>750669</nanos>
  <sequence>50</sequence>
  <logger>server.controller.TaskController</logger>
  <level>INFO</level>
  <class>server.controller.TaskController</class>
  <method>deleteTask</method>
  <thread>26</thread>
  <message>93.60000000000079; DELTSK; Removed task (id, lat, lng); Task-30; 50.9313733924892; -1.4088301617997545</message>
</record>
<record>
  <date>2023-05-23T17:56:15.964487328Z</date>
  <millis>1684864575964</millis>
  <nanos>487328</nanos>
  <sequence>52</sequence>
  <logger>server.controller.TaskController</logger>
  <level>INFO</level>
  <class>server.controller.TaskController</class>
  <method>deleteTask</method>
  <thread>26</thread>
  <message>103.20000000000093; DELTSK; Removed task (id, lat, lng); Task-37; 50.92953545444562; -1.4125459954498498</message>
</record>
<record>
  <date>2023-05-23T17:56:16.005332476Z</date>
  <millis>1684864576005</millis>
  <nanos>332476</nanos>
  <sequence>54</sequence>
  <logger>server.controller.TaskController</logger>
  <level>INFO</level>
  <class>server.controller.TaskController</class>
  <method>deleteTask</method>
  <thread>26</thread>
  <message>103.40000000000093; DELTSK; Removed task (id, lat, lng); Task-36; 50.92885923708728; -1.4052933022735803</message>
</record>
<record>
  <date>2023-05-23T17:56:16.566780421Z</date>
  <millis>1684864576566</millis>
  <nanos>780421</nanos>
  <sequence>56</sequence>
  <logger>server.controller.TaskController</logger>
  <level>INFO</level>
  <class>server.controller.TaskController</class>
  <method>deleteTask</method>
  <thread>26</thread>
  <message>106.20000000000097; DELTSK; Removed task (id, lat, lng); Task-38; 50.93111776464794; -1.4111727044342248</message>
</record>
<record>
  <date>2023-05-23T17:56:32.010841096Z</date>
  <millis>1684864592010</millis>
  <nanos>841096</nanos>
  <sequence>58</sequence>
  <logger>server.controller.TaskController</logger>
  <level>INFO</level>
  <class>server.controller.TaskController</class>
  <method>deleteTask</method>
  <thread>26</thread>
  <message>183.19999999999814; DELTSK; Removed task (id, lat, lng); Task-2; 50.931672991713675; -1.4100888476949058</message>
</record>
<record>
  <date>2023-05-23T17:56:39.745151300Z</date>
  <millis>1684864599745</millis>
  <nanos>151300</nanos>
  <sequence>60</sequence>
  <logger>server.controller.TaskController</logger>
  <level>INFO</level>
  <class>server.controller.TaskController</class>
  <method>deleteTask</method>
  <thread>26</thread>
  <message>221.79999999999595; DELTSK; Removed task (id, lat, lng); Task-34; 50.93157624776372; -1.40644836019453</message>
</record>
<record>
  <date>2023-05-23T17:56:43.873911336Z</date>
  <millis>1684864603873</millis>
  <nanos>911336</nanos>
  <sequence>63</sequence>
  <logger>server.controller.TaskController</logger>
  <level>INFO</level>
  <class>server.controller.TaskController</class>
  <method>deleteTask</method>
  <thread>26</thread>
  <message>242.39999999999478; DELTSK; Removed task (id, lat, lng); Task-4; 50.93075337596277; -1.4129641757588707</message>
</record>
<record>
  <date>2023-05-23T17:56:45.318638121Z</date>
  <millis>1684864605318</millis>
  <nanos>638121</nanos>
  <sequence>65</sequence>
  <logger>server.controller.TaskController</logger>
  <level>INFO</level>
  <class>server.controller.TaskController</class>
  <method>deleteTask</method>
  <thread>26</thread>
  <message>249.59999999999437; DELTSK; Removed task (id, lat, lng); Task-35; 50.92983298696892; -1.403877095913717</message>
</record>
<record>
  <date>2023-05-23T17:56:46.724256663Z</date>
  <millis>1684864606724</millis>
  <nanos>256663</nanos>
  <sequence>67</sequence>
  <logger>server.controller.TaskController</logger>
  <level>INFO</level>
  <class>server.controller.TaskController</class>
  <method>deleteTask</method>
  <thread>26</thread>
  <message>256.599999999994; DELTSK; Removed task (id, lat, lng); Task-29; 50.93108939361847; -1.404774661769237</message>
</record>
<record>
  <date>2023-05-23T17:57:01.922466116Z</date>
  <millis>1684864621922</millis>
  <nanos>466116</nanos>
  <sequence>69</sequence>
  <logger>server.controller.TaskController</logger>
  <level>INFO</level>
  <class>server.controller.TaskController</class>
  <method>deleteTask</method>
  <thread>26</thread>
  <message>332.3999999999897; DELTSK; Removed task (id, lat, lng); Task-17; 50.93245527706298; -1.4083580930131334</message>
</record>
<record>
  <date>2023-05-23T17:57:10.220910579Z</date>
  <millis>1684864630220</millis>
  <nanos>910579</nanos>
  <sequence>71</sequence>
  <logger>server.controller.TaskController</logger>
  <level>INFO</level>
  <class>server.controller.TaskController</class>
  <method>deleteTask</method>
  <thread>26</thread>
  <message>373.79999999998734; DELTSK; Removed task (id, lat, lng); Task-7; 50.929617354931835; -1.4145091281514488</message>
</record>
<record>
  <date>2023-05-23T17:57:17.919519538Z</date>
  <millis>1684864637919</millis>
  <nanos>519538</nanos>
  <sequence>73</sequence>
  <logger>server.controller.TaskController</logger>
  <level>INFO</level>
  <class>server.controller.TaskController</class>
  <method>deleteTask</method>
  <thread>26</thread>
  <message>412.19999999998515; DELTSK; Removed task (id, lat, lng); Task-3; 50.93197051056372; -1.4123633609395347</message>
</record>
<record>
  <date>2023-05-23T17:57:24.652106891Z</date>
  <millis>1684864644652</millis>
  <nanos>106891</nanos>
  <sequence>75</sequence>
  <logger>server.controller.TaskController</logger>
  <level>INFO</level>
  <class>server.controller.TaskController</class>
  <method>deleteTask</method>
  <thread>26</thread>
  <message>445.79999999998324; DELTSK; Removed task (id, lat, lng); Task-28; 50.93280688413088; -1.4057831723588365</message>
</record>
<record>
  <date>2023-05-23T17:57:40.560607665Z</date>
  <millis>1684864660560</millis>
  <nanos>607665</nanos>
  <sequence>77</sequence>
  <logger>server.controller.TaskController</logger>
  <level>INFO</level>
  <class>server.controller.TaskController</class>
  <method>deleteTask</method>
  <thread>26</thread>
  <message>525.1999999999824; DELTSK; Removed task (id, lat, lng); Task-14; 50.93348792388018; -1.4115084512481357</message>
</record>
<record>
  <date>2023-05-23T17:57:48.173697840Z</date>
  <millis>1684864668173</millis>
  <nanos>697840</nanos>
  <sequence>79</sequence>
  <logger>server.controller.TaskController</logger>
  <level>INFO</level>
  <class>server.controller.TaskController</class>
  <method>deleteTask</method>
  <thread>26</thread>
  <message>563.1999999999911; DELTSK; Removed task (id, lat, lng); Task-8; 50.92880589435095; -1.4160969958882652</message>
</record>
<record>
  <date>2023-05-23T17:58:00.239166775Z</date>
  <millis>1684864680239</millis>
  <nanos>166775</nanos>
  <sequence>81</sequence>
  <logger>server.controller.TaskController</logger>
  <level>INFO</level>
  <class>server.controller.TaskController</class>
  <method>deleteTask</method>
  <thread>26</thread>
  <message>623.4000000000048; DELTSK; Removed task (id, lat, lng); Task-12; 50.9328360091243; -1.4136937366109215</message>
</record>
<record>
  <date>2023-05-23T17:58:18.635562367Z</date>
  <millis>1684864698635</millis>
  <nanos>562367</nanos>
  <sequence>83</sequence>
  <logger>server.controller.TaskController</logger>
  <level>INFO</level>
  <class>server.controller.TaskController</class>
  <method>deleteTask</method>
  <thread>26</thread>
  <message>715.2000000000256; DELTSK; Removed task (id, lat, lng); Task-6; 50.93086156699484; -1.416054080544027</message>
</record>
<record>
  <date>2023-05-23T17:58:31.497855621Z</date>
  <millis>1684864711497</millis>
  <nanos>855621</nanos>
  <sequence>85</sequence>
  <logger>server.controller.TaskController</logger>
  <level>INFO</level>
  <class>server.controller.TaskController</class>
  <method>deleteTask</method>
  <thread>26</thread>
  <message>779.4000000000402; DELTSK; Removed task (id, lat, lng); Task-5; 50.931781180606606; -1.4152816043477379</message>
</record>
<record>
  <date>2023-05-23T17:58:33.223367944Z</date>
  <millis>1684864713223</millis>
  <nanos>367944</nanos>
  <sequence>87</sequence>
  <logger>server.controller.TaskController</logger>
  <level>INFO</level>
  <class>server.controller.TaskController</class>
  <method>deleteTask</method>
  <thread>26</thread>
  <message>788.0000000000422; DELTSK; Removed task (id, lat, lng); Task-18; 50.93365884407936; -1.406469817866649</message>
</record>
<record>
  <date>2023-05-23T17:59:08.612872862Z</date>
  <millis>1684864748612</millis>
  <nanos>872862</nanos>
  <sequence>89</sequence>
  <logger>server.controller.TaskController</logger>
  <level>INFO</level>
  <class>server.controller.TaskController</class>
  <method>deleteTask</method>
  <thread>26</thread>
  <message>964.6000000000823; DELTSK; Removed task (id, lat, lng); Task-15; 50.93371781600553; -1.4116801126250889</message>
</record>
<record>
  <date>2023-05-23T17:59:17.233569167Z</date>
  <millis>1684864757233</millis>
  <nanos>569167</nanos>
  <sequence>91</sequence>
  <logger>server.controller.TaskController</logger>
  <level>INFO</level>
  <class>server.controller.TaskController</class>
  <method>deleteTask</method>
  <thread>26</thread>
  <message>1007.6000000000921; DELTSK; Removed task (id, lat, lng); Task-40; 50.934011765409174; -1.4102500245331018</message>
</record>
<record>
  <date>2023-05-23T17:59:25.571961026Z</date>
  <millis>1684864765571</millis>
  <nanos>961026</nanos>
  <sequence>93</sequence>
  <logger>server.controller.TaskController</logger>
  <level>INFO</level>
  <class>server.controller.TaskController</class>
  <method>deleteTask</method>
  <thread>26</thread>
  <message>1049.2000000001015; DELTSK; Removed task (id, lat, lng); Task-27; 50.932604034223786; -1.4028434712785143</message>
</record>
<record>
  <date>2023-05-23T17:59:38.321022085Z</date>
  <millis>1684864778321</millis>
  <nanos>22085</nanos>
  <sequence>95</sequence>
  <logger>server.controller.TaskController</logger>
  <level>INFO</level>
  <class>server.controller.TaskController</class>
  <method>deleteTask</method>
  <thread>26</thread>
  <message>1112.800000000116; DELTSK; Removed task (id, lat, lng); Task-16; 50.93466441866604; -1.4099634988555576</message>
</record>
<record>
  <date>2023-05-23T18:00:18.950202673Z</date>
  <millis>1684864818950</millis>
  <nanos>202673</nanos>
  <sequence>97</sequence>
  <logger>server.controller.TaskController</logger>
  <level>INFO</level>
  <class>server.controller.TaskController</class>
  <method>deleteTask</method>
  <thread>26</thread>
  <message>1315.600000000162; DELTSK; Removed task (id, lat, lng); Task-13; 50.934485821141116; -1.4115908847432457</message>
</record>
<record>
  <date>2023-05-23T18:00:21.154191001Z</date>
  <millis>1684864821154</millis>
  <nanos>191001</nanos>
  <sequence>99</sequence>
  <logger>server.controller.TaskController</logger>
  <level>INFO</level>
  <class>server.controller.TaskController</class>
  <method>deleteTask</method>
  <thread>26</thread>
  <message>1326.6000000001645; DELTSK; Removed task (id, lat, lng); Task-19; 50.93475419822368; -1.4077787358659166</message>
</record>
<record>
  <date>2023-05-23T18:00:33.655347138Z</date>
  <millis>1684864833655</millis>
  <nanos>347138</nanos>
  <sequence>101</sequence>
  <logger>server.controller.TaskController</logger>
  <level>INFO</level>
  <class>server.controller.TaskController</class>
  <method>deleteTask</method>
  <thread>26</thread>
  <message>1389.0000000001787; DELTSK; Removed task (id, lat, lng); Task-9; 50.93124023362525; -1.4173844562154136</message>
</record>
<record>
  <date>2023-05-23T18:00:38.184085295Z</date>
  <millis>1684864838184</millis>
  <nanos>85295</nanos>
  <sequence>103</sequence>
  <logger>server.controller.TaskController</logger>
  <level>INFO</level>
  <class>server.controller.TaskController</class>
  <method>deleteTask</method>
  <thread>26</thread>
  <message>1411.6000000001839; DELTSK; Removed task (id, lat, lng); Task-21; 50.93483533454142; -1.4058046300309557</message>
</record>
<record>
  <date>2023-05-23T18:01:14.861390874Z</date>
  <millis>1684864874861</millis>
  <nanos>390874</nanos>
  <sequence>105</sequence>
  <logger>server.controller.TaskController</logger>
  <level>INFO</level>
  <class>server.controller.TaskController</class>
  <method>deleteTask</method>
  <thread>26</thread>
  <message>1594.6000000002255; DELTSK; Removed task (id, lat, lng); Task-11; 50.93394490561711; -1.4144232974629722</message>
</record>
</log>
